<?xml version="1.0" encoding="UTF-8"?>
<testsuite name="com.banjjoknim.book.springboot.web.HelloControllerTest" tests="2" skipped="0" failures="0" errors="0" timestamp="2020-12-02T06:35:15" hostname="DESKTOP-FSO9NHB" time="0.117">
  <properties/>
  <testcase name="hello가_리턴된다" classname="com.banjjoknim.book.springboot.web.HelloControllerTest" time="0.052"/>
  <testcase name="helloDto가_리턴된다" classname="com.banjjoknim.book.springboot.web.HelloControllerTest" time="0.064"/>
  <system-out><![CDATA[2020-12-02 15:35:14.433  INFO 13132 --- [    Test worker] .b.t.a.w.s.WebMvcTestContextBootstrapper : Neither @ContextConfiguration nor @ContextHierarchy found for test class [com.banjjoknim.book.springboot.web.HelloControllerTest], using SpringBootContextLoader
2020-12-02 15:35:14.433  INFO 13132 --- [    Test worker] o.s.t.c.support.AbstractContextLoader    : Could not detect default resource locations for test class [com.banjjoknim.book.springboot.web.HelloControllerTest]: no resource found for suffixes {-context.xml, Context.groovy}.
2020-12-02 15:35:14.433  INFO 13132 --- [    Test worker] t.c.s.AnnotationConfigContextLoaderUtils : Could not detect default configuration classes for test class [com.banjjoknim.book.springboot.web.HelloControllerTest]: HelloControllerTest does not declare any static, non-private, non-final, nested classes annotated with @Configuration.
2020-12-02 15:35:14.449  INFO 13132 --- [    Test worker] .b.t.c.SpringBootTestContextBootstrapper : Found @SpringBootConfiguration com.banjjoknim.book.springboot.Application for test class com.banjjoknim.book.springboot.web.HelloControllerTest
2020-12-02 15:35:14.449  INFO 13132 --- [    Test worker] .b.t.a.w.s.WebMvcTestContextBootstrapper : Loaded default TestExecutionListener class names from location [META-INF/spring.factories]: [org.springframework.security.test.context.support.WithSecurityContextTestExecutionListener, org.springframework.security.test.context.support.ReactorContextTestExecutionListener, org.springframework.boot.test.autoconfigure.restdocs.RestDocsTestExecutionListener, org.springframework.boot.test.autoconfigure.web.client.MockRestServiceServerResetTestExecutionListener, org.springframework.boot.test.autoconfigure.web.servlet.MockMvcPrintOnlyOnFailureTestExecutionListener, org.springframework.boot.test.autoconfigure.web.servlet.WebDriverTestExecutionListener, org.springframework.boot.test.mock.mockito.MockitoTestExecutionListener, org.springframework.boot.test.mock.mockito.ResetMocksTestExecutionListener, org.springframework.test.context.web.ServletTestExecutionListener, org.springframework.test.context.support.DirtiesContextBeforeModesTestExecutionListener, org.springframework.test.context.support.DependencyInjectionTestExecutionListener, org.springframework.test.context.support.DirtiesContextTestExecutionListener, org.springframework.test.context.transaction.TransactionalTestExecutionListener, org.springframework.test.context.jdbc.SqlScriptsTestExecutionListener]
2020-12-02 15:35:14.449  INFO 13132 --- [    Test worker] .b.t.a.w.s.WebMvcTestContextBootstrapper : Using TestExecutionListeners: [org.springframework.test.context.web.ServletTestExecutionListener@1b4426c5, org.springframework.test.context.support.DirtiesContextBeforeModesTestExecutionListener@3609edb8, org.springframework.boot.test.mock.mockito.MockitoTestExecutionListener@1dee7768, org.springframework.boot.test.autoconfigure.SpringBootDependencyInjectionTestExecutionListener@53656909, org.springframework.test.context.support.DirtiesContextTestExecutionListener@69ad0fae, org.springframework.test.context.transaction.TransactionalTestExecutionListener@10b04b0e, org.springframework.test.context.jdbc.SqlScriptsTestExecutionListener@7e0b2b47, org.springframework.security.test.context.support.WithSecurityContextTestExecutionListener@6de38ae, org.springframework.security.test.context.support.ReactorContextTestExecutionListener@70f97a4, org.springframework.boot.test.autoconfigure.restdocs.RestDocsTestExecutionListener@15754470, org.springframework.boot.test.autoconfigure.web.client.MockRestServiceServerResetTestExecutionListener@3283148a, org.springframework.boot.test.autoconfigure.web.servlet.MockMvcPrintOnlyOnFailureTestExecutionListener@456f413c, org.springframework.boot.test.autoconfigure.web.servlet.WebDriverTestExecutionListener@3ea65c82, org.springframework.boot.test.mock.mockito.ResetMocksTestExecutionListener@1cfd9e2]

  .   ____          _            __ _ _
 /\\ / ___'_ __ _ _(_)_ __  __ _ \ \ \ \
( ( )\___ | '_ | '_| | '_ \/ _` | \ \ \ \
 \\/  ___)| |_)| | | | | || (_| |  ) ) ) )
  '  |____| .__|_| |_|_| |_\__, | / / / /
 =========|_|==============|___/=/_/_/_/
 :: Spring Boot ::        (v2.1.7.RELEASE)

2020-12-02 15:35:14.480  INFO 13132 --- [    Test worker] c.b.b.s.web.HelloControllerTest          : Starting HelloControllerTest on DESKTOP-FSO9NHB with PID 13132 (started by User in C:\Users\User\IdeaProjects\TIL(Today-I-Learned)\WebServiceBySpringBootAndAWS)
2020-12-02 15:35:14.480  INFO 13132 --- [    Test worker] c.b.b.s.web.HelloControllerTest          : No active profile set, falling back to default profiles: default
2020-12-02 15:35:14.793  INFO 13132 --- [    Test worker] o.s.s.concurrent.ThreadPoolTaskExecutor  : Initializing ExecutorService 'applicationTaskExecutor'
2020-12-02 15:35:14.824  INFO 13132 --- [    Test worker] o.s.b.a.w.s.WelcomePageHandlerMapping    : Adding welcome page template: index
2020-12-02 15:35:14.964  INFO 13132 --- [    Test worker] .s.s.UserDetailsServiceAutoConfiguration : 

Using generated security password: 4bbb81c8-5ef5-471f-bdc0-8ec43a48784a

2020-12-02 15:35:15.058  INFO 13132 --- [    Test worker] o.s.s.web.DefaultSecurityFilterChain     : Creating filter chain: any request, [org.springframework.security.web.context.request.async.WebAsyncManagerIntegrationFilter@52502a38, org.springframework.security.web.context.SecurityContextPersistenceFilter@11648f4a, org.springframework.security.web.header.HeaderWriterFilter@31397632, org.springframework.security.web.csrf.CsrfFilter@3cd793af, org.springframework.security.web.authentication.logout.LogoutFilter@37102b85, org.springframework.security.web.authentication.UsernamePasswordAuthenticationFilter@38bb4650, org.springframework.security.web.authentication.ui.DefaultLoginPageGeneratingFilter@24d6d17, org.springframework.security.web.authentication.ui.DefaultLogoutPageGeneratingFilter@36963169, org.springframework.security.web.authentication.www.BasicAuthenticationFilter@6731ad21, org.springframework.security.web.savedrequest.RequestCacheAwareFilter@57e9bc85, org.springframework.security.web.servletapi.SecurityContextHolderAwareRequestFilter@2d1bc8ac, org.springframework.security.web.authentication.AnonymousAuthenticationFilter@5c24da3f, org.springframework.security.web.session.SessionManagementFilter@31f3c151, org.springframework.security.web.access.ExceptionTranslationFilter@1bdba209, org.springframework.security.web.access.intercept.FilterSecurityInterceptor@1f440479]
2020-12-02 15:35:15.089  INFO 13132 --- [    Test worker] o.s.b.t.m.w.SpringBootMockServletContext : Initializing Spring TestDispatcherServlet ''
2020-12-02 15:35:15.089  INFO 13132 --- [    Test worker] o.s.t.web.servlet.TestDispatcherServlet  : Initializing Servlet ''
2020-12-02 15:35:15.105  INFO 13132 --- [    Test worker] o.s.t.web.servlet.TestDispatcherServlet  : Completed initialization in 16 ms
2020-12-02 15:35:15.121  INFO 13132 --- [    Test worker] c.b.b.s.web.HelloControllerTest          : Started HelloControllerTest in 0.672 seconds (JVM running for 6.963)
]]></system-out>
  <system-err><![CDATA[]]></system-err>
</testsuite>
